WARNING 2023-12-06 19:07:24,991 log log.py 241 log_response Not Found: /image/worldmap.png
WARNING 2023-12-06 19:07:39,831 log log.py 241 log_response Not Found: /image/worldmap.png
WARNING 2023-12-06 19:07:42,025 log log.py 241 log_response Not Found: /image/worldmap.png
WARNING 2023-12-06 19:07:42,032 log log.py 241 log_response Not Found: /media/images/81dFDRqDhIL._SL1418__MloRZNR.jpg
WARNING 2023-12-06 19:08:00,621 log log.py 241 log_response Not Found: /basket/image/worldmap.png
WARNING 2023-12-06 19:08:05,351 log log.py 241 log_response Not Found: /basket/image/worldmap.png
WARNING 2023-12-06 19:08:26,429 log log.py 241 log_response Not Found: /checkout/image/worldmap.png
WARNING 2023-12-06 19:08:40,050 log log.py 241 log_response Not Found: /checkout/set_delivery_address/image/worldmap.png
WARNING 2023-12-06 19:08:46,098 log log.py 241 log_response Not Found: /checkout/delivery_address/image/worldmap.png
WARNING 2023-12-06 19:08:48,414 log log.py 241 log_response Not Found: /checkout/payment_selection/image/worldmap.png
WARNING 2023-12-06 19:09:13,862 log log.py 241 log_response Not Found: /checkout/payment_successful/image/worldmap.png
WARNING 2023-12-06 19:09:16,238 log log.py 241 log_response Not Found: /account/orders/image/worldmap.png
WARNING 2023-12-06 19:09:23,937 log log.py 241 log_response Not Found: /image/worldmap.png
WARNING 2023-12-06 19:12:08,699 log log.py 241 log_response Not Found: /blog/intel-looks-at-ai-as-a-tool-that-solves-everyday-problems-says-vp-alexis-crowell/assets/images/favicon.png
WARNING 2023-12-07 10:49:19,429 log log.py 241 log_response Not Found: /favicon.ico
WARNING 2023-12-07 11:25:06,703 log log.py 241 log_response Not Found: /blog/assets/images/favicon.png
WARNING 2023-12-07 11:56:23,700 log log.py 241 log_response Not Found: /media/images/81dFDRqDhIL._SL1418__MloRZNR.jpg
WARNING 2023-12-07 12:28:34,307 log log.py 241 log_response Not Found: /media/images/81dFDRqDhIL._SL1418__MloRZNR.jpg
WARNING 2023-12-07 12:31:29,388 log log.py 241 log_response Not Found: /media/images/81dFDRqDhIL._SL1418__MloRZNR.jpg
WARNING 2023-12-07 12:33:17,014 log log.py 241 log_response Not Found: /media/images/81dFDRqDhIL._SL1418__MloRZNR.jpg
WARNING 2023-12-07 12:34:18,138 log log.py 241 log_response Not Found: /blog/india-plans-to-change-the-weather-to-fight-back-against-deadly-smog/assets/images/favicon.png
WARNING 2023-12-08 11:52:11,700 log log.py 241 log_response Not Found: /blog/assets/images/favicon.png
WARNING 2023-12-08 15:29:12,427 log log.py 241 log_response Not Found: /blog/assets/images/favicon.png
WARNING 2023-12-08 15:29:15,583 log log.py 241 log_response Not Found: /blog/india-plans-to-change-the-weather-to-fight-back-against-deadly-smog/assets/images/favicon.png
WARNING 2023-12-09 21:36:13,578 log log.py 241 log_response Not Found: /media/users/avatars/1/41YMXMqcqtL._SY445_SX342_.jpg
WARNING 2023-12-09 21:36:24,853 log log.py 241 log_response Not Found: /media/users/avatars/1/41YMXMqcqtL._SY445_SX342_.jpg
WARNING 2023-12-09 21:36:26,535 log log.py 241 log_response Not Found: /media/users/avatars/1/41YMXMqcqtL._SY445_SX342_.jpg
WARNING 2023-12-09 21:36:30,313 log log.py 241 log_response Not Found: /media/users/avatars/1/41YMXMqcqtL._SY445_SX342_.jpg
WARNING 2023-12-09 21:36:34,831 log log.py 241 log_response Not Found: /media/users/avatars/1/41YMXMqcqtL._SY445_SX342_.jpg
WARNING 2023-12-09 21:36:38,705 log log.py 241 log_response Not Found: /media/users/avatars/1/41YMXMqcqtL._SY445_SX342_.jpg
WARNING 2023-12-09 21:36:40,241 log log.py 241 log_response Not Found: /media/users/avatars/1/41YMXMqcqtL._SY445_SX342_.jpg
WARNING 2023-12-09 21:36:41,829 log log.py 241 log_response Not Found: /media/users/avatars/1/41YMXMqcqtL._SY445_SX342_.jpg
WARNING 2023-12-09 21:36:43,563 log log.py 241 log_response Not Found: /media/users/avatars/1/41YMXMqcqtL._SY445_SX342_.jpg
WARNING 2023-12-10 20:59:33,426 log log.py 241 log_response Not Found: /favicon.ico
WARNING 2023-12-10 21:39:46,135 log log.py 241 log_response Not Found: /favicon.ico
WARNING 2023-12-11 19:00:39,408 log log.py 241 log_response Not Found: /favicon.ico
WARNING 2023-12-12 11:08:49,423 log log.py 241 log_response Not Found: /favicon.ico
WARNING 2023-12-12 11:13:35,560 log log.py 241 log_response Not Found: /blog/assets/images/favicon.png
WARNING 2023-12-12 11:13:41,964 log log.py 241 log_response Not Found: /blog/this-sea-worms-butt-swims-away-to-reproduce-now-researchers-know-why/assets/images/favicon.png
WARNING 2023-12-12 11:14:52,435 log log.py 241 log_response Not Found: /blog/category/food/assets/images/favicon.png
WARNING 2023-12-12 11:15:15,658 log log.py 241 log_response Not Found: /blog/a-vc-interviews-a-b2b-saas-founder-on-the-best-methods-to-scale-up-from-the-early-phases-these-are-the-hard-yards-youll-want-to-read-about-when-trying-to-accelerate-from-1-to-100-having-gone-from-zero-to-one/assets/images/favicon.png
WARNING 2023-12-12 11:15:25,158 log log.py 241 log_response Not Found: /blog/intel-looks-at-ai-as-a-tool-that-solves-everyday-problems-says-vp-alexis-crowell/assets/images/favicon.png
WARNING 2023-12-12 11:15:38,270 log log.py 241 log_response Not Found: /blog/category/Science/assets/images/favicon.png
WARNING 2023-12-12 11:20:44,331 log log.py 241 log_response Not Found: /media/images/81dFDRqDhIL._SL1418__MloRZNR.jpg
WARNING 2023-12-12 13:28:59,752 log log.py 241 log_response Not Found: /favicon.ico
